# JRE version: OpenJDK Runtime Environment (11.0.4+11) (build 11.0.4+11-post-Ubuntu-1ubuntu218.04.3)
# Java VM: OpenJDK 64-Bit Server VM (11.0.4+11-post-Ubuntu-1ubuntu218.04.3, mixed mode, sharing, tiered, compressed oops, g1 gc, linux-amd64)
Heap:
 garbage-first heap   total 1020928K, used 53834K [0x0000000707c00000, 0x0000000800000000)
  region size 1024K, 27 young (27648K), 27 survivors (27648K)
 Metaspace       used 4610K, capacity 6853K, committed 7040K, reserved 1056768K
  class space    used 573K, capacity 892K, committed 896K, reserved 1048576K
GC Heap History (10 events):
Event: 3,464 GC heap after
{Heap after GC invocations=14 (full 0):
 garbage-first heap   total 372736K, used 32612K [0x0000000707c00000, 0x0000000800000000)
  region size 1024K, 17 young (17408K), 17 survivors (17408K)
 Metaspace       used 4610K, capacity 6853K, committed 7040K, reserved 1056768K
  class space    used 573K, capacity 892K, committed 896K, reserved 1048576K
}
Event: 3,588 GC heap before
{Heap before GC invocations=14 (full 0):
 garbage-first heap   total 372736K, used 238436K [0x0000000707c00000, 0x0000000800000000)
  region size 1024K, 218 young (223232K), 17 survivors (17408K)
 Metaspace       used 4610K, capacity 6853K, committed 7040K, reserved 1056768K
  class space    used 573K, capacity 892K, committed 896K, reserved 1048576K
}
Event: 3,598 GC heap after
{Heap after GC invocations=15 (full 0):
 garbage-first heap   total 612352K, used 35390K [0x0000000707c00000, 0x0000000800000000)
  region size 1024K, 17 young (17408K), 17 survivors (17408K)
 Metaspace       used 4610K, capacity 6853K, committed 7040K, reserved 1056768K
  class space    used 573K, capacity 892K, committed 896K, reserved 1048576K
}
Event: 4,680 GC heap before
{Heap before GC invocations=15 (full 0):
 garbage-first heap   total 612352K, used 384574K [0x0000000707c00000, 0x0000000800000000)
  region size 1024K, 358 young (366592K), 17 survivors (17408K)
 Metaspace       used 4610K, capacity 6853K, committed 7040K, reserved 1056768K
  class space    used 573K, capacity 892K, committed 896K, reserved 1048576K
}
Event: 4,723 GC heap after
{Heap after GC invocations=16 (full 0):
 garbage-first heap   total 612352K, used 39211K [0x0000000707c00000, 0x0000000800000000)
  region size 1024K, 21 young (21504K), 21 survivors (21504K)
 Metaspace       used 4610K, capacity 6853K, committed 7040K, reserved 1056768K
  class space    used 573K, capacity 892K, committed 896K, reserved 1048576K
}
Event: 5,089 GC heap before
{Heap before GC invocations=16 (full 0):
 garbage-first heap   total 612352K, used 384299K [0x0000000707c00000, 0x0000000800000000)
  region size 1024K, 358 young (366592K), 21 survivors (21504K)
 Metaspace       used 4610K, capacity 6853K, committed 7040K, reserved 1056768K
  class space    used 573K, capacity 892K, committed 896K, reserved 1048576K
}
Event: 5,112 GC heap after
{Heap after GC invocations=17 (full 0):
 garbage-first heap   total 612352K, used 44083K [0x0000000707c00000, 0x0000000800000000)
  region size 1024K, 26 young (26624K), 26 survivors (26624K)
 Metaspace       used 4610K, capacity 6853K, committed 7040K, reserved 1056768K
  class space    used 573K, capacity 892K, committed 896K, reserved 1048576K
}
Event: 5,378 GC heap before
{Heap before GC invocations=17 (full 0):
 garbage-first heap   total 612352K, used 386099K [0x0000000707c00000, 0x0000000800000000)
  region size 1024K, 358 young (366592K), 26 survivors (26624K)
 Metaspace       used 4610K, capacity 6853K, committed 7040K, reserved 1056768K
  class space    used 573K, capacity 892K, committed 896K, reserved 1048576K
}
Event: 5,406 GC heap after
{Heap after GC invocations=18 (full 0):
 garbage-first heap   total 612352K, used 49700K [0x0000000707c00000, 0x0000000800000000)
  region size 1024K, 27 young (27648K), 27 survivors (27648K)
 Metaspace       used 4610K, capacity 6853K, committed 7040K, reserved 1056768K
  class space    used 573K, capacity 892K, committed 896K, reserved 1048576K
}
Event: 5,647 GC heap before
{Heap before GC invocations=18 (full 0):
 garbage-first heap   total 612352K, used 388644K [0x0000000707c00000, 0x0000000800000000)
  region size 1024K, 358 young (366592K), 27 survivors (27648K)
 Metaspace       used 4610K, capacity 6853K, committed 7040K, reserved 1056768K
  class space    used 573K, capacity 892K, committed 896K, reserved 1048576K
}

